0 info it worked if it ends with ok
1 verbose cli [ 'node',
1 verbose cli   '/usr/local/bin/npm',
1 verbose cli   'install',
1 verbose cli   'org.apache.cordova.dialogs' ]
2 info using npm@2.7.4
3 info using node@v0.12.2
4 silly cache add args [ 'org.apache.cordova.dialogs', null ]
5 verbose cache add spec org.apache.cordova.dialogs
6 silly cache add parsed spec { raw: 'org.apache.cordova.dialogs',
6 silly cache add   scope: null,
6 silly cache add   name: 'org.apache.cordova.dialogs',
6 silly cache add   rawSpec: '',
6 silly cache add   spec: '*',
6 silly cache add   type: 'range' }
7 verbose addNamed org.apache.cordova.dialogs@*
8 silly addNamed semver.valid null
9 silly addNamed semver.validRange *
10 silly addNameRange { name: 'org.apache.cordova.dialogs',
10 silly addNameRange   range: '*',
10 silly addNameRange   hasData: false }
11 silly mapToRegistry name org.apache.cordova.dialogs
12 silly mapToRegistry using default registry
13 silly mapToRegistry registry https://registry.npmjs.org/
14 silly mapToRegistry uri https://registry.npmjs.org/org.apache.cordova.dialogs
15 verbose addNameRange registry:https://registry.npmjs.org/org.apache.cordova.dialogs not in flight; fetching
16 verbose request uri https://registry.npmjs.org/org.apache.cordova.dialogs
17 verbose request no auth needed
18 info attempt registry request try #1 at 10:30:57 AM
19 verbose request id d08705cebab4f354
20 http request GET https://registry.npmjs.org/org.apache.cordova.dialogs
21 http 404 https://registry.npmjs.org/org.apache.cordova.dialogs
22 verbose headers { 'content-type': 'application/json',
22 verbose headers   'cache-control': 'max-age=0',
22 verbose headers   'content-length': '2',
22 verbose headers   'accept-ranges': 'bytes',
22 verbose headers   date: 'Mon, 15 Feb 2016 18:30:57 GMT',
22 verbose headers   via: '1.1 varnish',
22 verbose headers   age: '0',
22 verbose headers   connection: 'keep-alive',
22 verbose headers   'x-served-by': 'cache-lax1421-LAX',
22 verbose headers   'x-cache': 'MISS',
22 verbose headers   'x-cache-hits': '0',
22 verbose headers   'x-timer': 'S1455561057.483576,VS0,VE112' }
23 silly get cb [ 404,
23 silly get   { 'content-type': 'application/json',
23 silly get     'cache-control': 'max-age=0',
23 silly get     'content-length': '2',
23 silly get     'accept-ranges': 'bytes',
23 silly get     date: 'Mon, 15 Feb 2016 18:30:57 GMT',
23 silly get     via: '1.1 varnish',
23 silly get     age: '0',
23 silly get     connection: 'keep-alive',
23 silly get     'x-served-by': 'cache-lax1421-LAX',
23 silly get     'x-cache': 'MISS',
23 silly get     'x-cache-hits': '0',
23 silly get     'x-timer': 'S1455561057.483576,VS0,VE112' } ]
24 verbose stack Error: Registry returned 404 for GET on https://registry.npmjs.org/org.apache.cordova.dialogs
24 verbose stack     at CachingRegistryClient.<anonymous> (/usr/local/lib/node_modules/npm/node_modules/npm-registry-client/lib/request.js:239:14)
24 verbose stack     at Request._callback (/usr/local/lib/node_modules/npm/node_modules/npm-registry-client/lib/request.js:170:14)
24 verbose stack     at Request.self.callback (/usr/local/lib/node_modules/npm/node_modules/request/request.js:344:22)
24 verbose stack     at Request.emit (events.js:110:17)
24 verbose stack     at Request.<anonymous> (/usr/local/lib/node_modules/npm/node_modules/request/request.js:1239:14)
24 verbose stack     at Request.emit (events.js:129:20)
24 verbose stack     at IncomingMessage.<anonymous> (/usr/local/lib/node_modules/npm/node_modules/request/request.js:1187:12)
24 verbose stack     at IncomingMessage.emit (events.js:129:20)
24 verbose stack     at _stream_readable.js:908:16
24 verbose stack     at process._tickCallback (node.js:355:11)
25 verbose statusCode 404
26 verbose pkgid org.apache.cordova.dialogs
27 verbose cwd /Users/DML/Sites/DogsApp
28 error Darwin 14.5.0
29 error argv "node" "/usr/local/bin/npm" "install" "org.apache.cordova.dialogs"
30 error node v0.12.2
31 error npm  v2.7.4
32 error code E404
33 error 404 Registry returned 404 for GET on https://registry.npmjs.org/org.apache.cordova.dialogs
33 error 404
33 error 404 'org.apache.cordova.dialogs' is not in the npm registry.
33 error 404 You should bug the author to publish it (or use the name yourself!)
33 error 404
33 error 404 Note that you can also install from a
33 error 404 tarball, folder, http url, or git url.
34 verbose exit [ 1, true ]
